2025-08-31 18:07:16 INFO  DriverFactory:43 - browser name : chrome
2025-08-31 18:07:16 INFO  DriverFactory:43 - browser name : chrome
2025-08-31 18:07:16 INFO  DriverFactory:43 - browser name : chrome
2025-08-31 18:07:16 INFO  DriverFactory:43 - browser name : chrome
2025-08-31 18:07:16 INFO  DriverFactory:43 - browser name : chrome
2025-08-31 18:07:25 INFO  LoginPage:68 - application credentials: march2024@open.com : Selenium@12345
2025-08-31 18:07:25 INFO  ElementUtil:354 - waiting for element using By locator: By.id: input-email within time out: 10
2025-08-31 18:07:25 INFO  LoginPage:77 - trying to navigating to register page...
2025-08-31 18:07:25 INFO  ElementUtil:354 - waiting for element using By locator: By.linkText: Register within time out: 5
2025-08-31 18:07:25 INFO  LoginPage:68 - application credentials: march2024@open.com : Selenium@12345
2025-08-31 18:07:25 INFO  ElementUtil:354 - waiting for element using By locator: By.id: input-email within time out: 10
2025-08-31 18:07:26 INFO  ElementUtil:48 - entering the value : Selenium@12345 into locator: By.id: input-password
2025-08-31 18:07:26 INFO  ElementUtil:117 - element is found using : By.id: input-password
2025-08-31 18:07:27 INFO  ElementUtil:123 - Element not found using By.linkText: Forgotten Password11
com.qa.opencart.exceptions.FrameworkException: invalid locator  : By.linkText: Forgotten Password11
	at com.qa.opencart.utils.ElementUtil.getElement(ElementUtil.java:122) ~[classes/:?]
	at com.qa.opencart.utils.ElementUtil.isElementDisplayed(ElementUtil.java:80) ~[classes/:?]
	at com.qa.opencart.pages.LoginPage.isForgotPwdLinkExist(LoginPage.java:57) ~[classes/:?]
	at com.qa.opencart.tests.LoginPageTest.isForgotPwdLinkExistTest(LoginPageTest.java:48) ~[test-classes/:?]
	at java.base/jdk.internal.reflect.NativeMethodAccessorImpl.invoke0(Native Method) ~[?:?]
	at java.base/jdk.internal.reflect.NativeMethodAccessorImpl.invoke(NativeMethodAccessorImpl.java:77) ~[?:?]
	at java.base/jdk.internal.reflect.DelegatingMethodAccessorImpl.invoke(DelegatingMethodAccessorImpl.java:43) ~[?:?]
	at java.base/java.lang.reflect.Method.invoke(Method.java:568) ~[?:?]
	at org.testng.internal.invokers.MethodInvocationHelper.invokeMethod(MethodInvocationHelper.java:139) ~[testng-7.7.0.jar:7.7.0]
	at org.testng.internal.invokers.TestInvoker.invokeMethod(TestInvoker.java:677) ~[testng-7.7.0.jar:7.7.0]
	at org.testng.internal.invokers.TestInvoker.invokeTestMethod(TestInvoker.java:221) ~[testng-7.7.0.jar:7.7.0]
	at org.testng.internal.invokers.MethodRunner.runInSequence(MethodRunner.java:50) ~[testng-7.7.0.jar:7.7.0]
	at org.testng.internal.invokers.TestInvoker$MethodInvocationAgent.invoke(TestInvoker.java:969) ~[testng-7.7.0.jar:7.7.0]
	at org.testng.internal.invokers.TestInvoker.invokeTestMethods(TestInvoker.java:194) ~[testng-7.7.0.jar:7.7.0]
	at org.testng.internal.invokers.TestMethodWorker.invokeTestMethods(TestMethodWorker.java:148) ~[testng-7.7.0.jar:7.7.0]
	at org.testng.internal.invokers.TestMethodWorker.run(TestMethodWorker.java:128) ~[testng-7.7.0.jar:7.7.0]
	at java.base/java.util.ArrayList.forEach(ArrayList.java:1511) ~[?:?]
	at org.testng.TestRunner.privateRun(TestRunner.java:829) ~[testng-7.7.0.jar:7.7.0]
	at org.testng.TestRunner.run(TestRunner.java:602) ~[testng-7.7.0.jar:7.7.0]
	at org.testng.SuiteRunner.runTest(SuiteRunner.java:437) ~[testng-7.7.0.jar:7.7.0]
	at org.testng.SuiteRunner$SuiteWorker.run(SuiteRunner.java:475) ~[testng-7.7.0.jar:7.7.0]
	at org.testng.internal.thread.ThreadUtil.lambda$execute$0(ThreadUtil.java:58) ~[testng-7.7.0.jar:7.7.0]
	at java.base/java.util.concurrent.FutureTask.run(FutureTask.java:264) [?:?]
	at java.base/java.util.concurrent.ThreadPoolExecutor.runWorker(ThreadPoolExecutor.java:1136) [?:?]
	at java.base/java.util.concurrent.ThreadPoolExecutor$Worker.run(ThreadPoolExecutor.java:635) [?:?]
	at java.base/java.lang.Thread.run(Thread.java:833) [?:?]
2025-08-31 18:07:27 INFO  ElementUtil:48 - entering the value : Selenium@12345 into locator: By.id: input-password
2025-08-31 18:07:27 INFO  ElementUtil:117 - element is found using : By.id: input-password
2025-08-31 18:07:27 INFO  ElementUtil:354 - waiting for element using By locator: By.id: input-firstname11 within time out: 5
2025-08-31 18:07:27 INFO  ElementUtil:61 - clicking on element using : By.xpath: //input[@value='Login']
2025-08-31 18:07:27 INFO  ElementUtil:117 - element is found using : By.xpath: //input[@value='Login']
2025-08-31 18:07:27 INFO  ElementUtil:117 - element is found using : By.tagName: h2
2025-08-31 18:07:27 INFO  ElementUtil:61 - clicking on element using : By.xpath: //input[@value='Login']
2025-08-31 18:07:27 INFO  ElementUtil:117 - element is found using : By.xpath: //input[@value='Login']
2025-08-31 18:07:28 INFO  ElementUtil:354 - waiting for element using By locator: By.name: search within time out: 10
2025-08-31 18:07:28 INFO  LoginPage:43 - login page title: Account Login
2025-08-31 18:07:28 INFO  LoginPage:51 - login page url : https://naveenautomationlabs.com/opencart/index.php?route=account/login
2025-08-31 18:07:28 INFO  LoginPage:68 - application credentials: march2024@open.com : Selenium@12345
2025-08-31 18:07:28 INFO  ElementUtil:354 - waiting for element using By locator: By.id: input-email within time out: 10
2025-08-31 18:07:28 INFO  ElementUtil:48 - entering the value : Selenium@12345 into locator: By.id: input-password
2025-08-31 18:07:28 INFO  ElementUtil:117 - element is found using : By.id: input-password
2025-08-31 18:07:29 INFO  ElementUtil:61 - clicking on element using : By.xpath: //input[@value='Login']
2025-08-31 18:07:29 INFO  ElementUtil:117 - element is found using : By.xpath: //input[@value='Login']
2025-08-31 18:07:29 INFO  ElementUtil:354 - waiting for element using By locator: By.linkText: Logout within time out: 10
2025-08-31 18:07:29 INFO  LoginPage:68 - application credentials: march2024@open.com : Selenium@12345
2025-08-31 18:07:29 INFO  ElementUtil:354 - waiting for element using By locator: By.id: input-email within time out: 10
2025-08-31 18:07:29 INFO  ElementUtil:354 - waiting for element using By locator: By.name: search within time out: 10
2025-08-31 18:07:30 INFO  ElementUtil:48 - entering the value : Selenium@12345 into locator: By.id: input-password
2025-08-31 18:07:30 INFO  ElementUtil:117 - element is found using : By.id: input-password
2025-08-31 18:07:30 INFO  ElementUtil:61 - clicking on element using : By.cssSelector: div#search button
2025-08-31 18:07:30 INFO  ElementUtil:117 - element is found using : By.cssSelector: div#search button
2025-08-31 18:07:30 INFO  ElementUtil:61 - clicking on element using : By.xpath: //input[@value='Login']
2025-08-31 18:07:30 INFO  ElementUtil:117 - element is found using : By.xpath: //input[@value='Login']
2025-08-31 18:07:31 INFO  ElementUtil:61 - clicking on element using : By.linkText: MacBook Pro
2025-08-31 18:07:31 INFO  ElementUtil:117 - element is found using : By.linkText: MacBook Pro
2025-08-31 18:07:32 INFO  ElementUtil:354 - waiting for element using By locator: By.linkText: Logout within time out: 10
2025-08-31 18:07:33 INFO  ElementUtil:354 - waiting for element using By locator: By.tagName: h1 within time out: 5
2025-08-31 18:07:33 INFO  ElementUtil:354 - waiting for element using By locator: By.name: search within time out: 10
2025-08-31 18:07:34 INFO  ElementUtil:61 - clicking on element using : By.cssSelector: div#search button
2025-08-31 18:07:34 INFO  ElementUtil:117 - element is found using : By.cssSelector: div#search button
2025-08-31 18:07:35 INFO  ElementUtil:61 - clicking on element using : By.linkText: Samsung SyncMaster 941BW
2025-08-31 18:07:35 INFO  ElementUtil:117 - element is found using : By.linkText: Samsung SyncMaster 941BW
2025-08-31 18:07:36 INFO  ElementUtil:354 - waiting for element using By locator: By.tagName: h1 within time out: 5
2025-08-31 18:07:36 INFO  ElementUtil:354 - waiting for element using By locator: By.name: search within time out: 10
2025-08-31 18:07:37 INFO  ElementUtil:61 - clicking on element using : By.cssSelector: div#search button
2025-08-31 18:07:37 INFO  ElementUtil:117 - element is found using : By.cssSelector: div#search button
2025-08-31 18:07:38 INFO  ElementUtil:61 - clicking on element using : By.linkText: iMac
2025-08-31 18:07:38 INFO  ElementUtil:117 - element is found using : By.linkText: iMac
2025-08-31 18:07:40 INFO  ElementUtil:354 - waiting for element using By locator: By.tagName: h1 within time out: 5
2025-08-31 18:07:41 INFO  ElementUtil:354 - waiting for element using By locator: By.name: search within time out: 10
2025-08-31 18:07:41 INFO  ElementUtil:61 - clicking on element using : By.cssSelector: div#search button
2025-08-31 18:07:41 INFO  ElementUtil:117 - element is found using : By.cssSelector: div#search button
2025-08-31 18:07:43 INFO  ElementUtil:61 - clicking on element using : By.linkText: Canon EOS 5D
2025-08-31 18:07:43 INFO  ElementUtil:117 - element is found using : By.linkText: Canon EOS 5D
2025-08-31 18:07:44 INFO  ElementUtil:354 - waiting for element using By locator: By.tagName: h1 within time out: 5
2025-08-31 18:07:45 INFO  ElementUtil:354 - waiting for element using By locator: By.name: search within time out: 10
2025-08-31 18:07:45 INFO  ElementUtil:61 - clicking on element using : By.cssSelector: div#search button
2025-08-31 18:07:45 INFO  ElementUtil:117 - element is found using : By.cssSelector: div#search button
2025-08-31 18:07:46 INFO  ElementUtil:61 - clicking on element using : By.linkText: MacBook Pro
2025-08-31 18:07:46 INFO  ElementUtil:117 - element is found using : By.linkText: MacBook Pro
2025-08-31 18:07:47 INFO  ElementUtil:354 - waiting for element using By locator: By.name: search within time out: 10
2025-08-31 18:07:48 INFO  ElementUtil:61 - clicking on element using : By.cssSelector: div#search button
2025-08-31 18:07:48 INFO  ElementUtil:117 - element is found using : By.cssSelector: div#search button
2025-08-31 18:07:49 INFO  ElementUtil:61 - clicking on element using : By.linkText: Samsung SyncMaster 941BW
2025-08-31 18:07:49 INFO  ElementUtil:117 - element is found using : By.linkText: Samsung SyncMaster 941BW
2025-08-31 18:07:50 INFO  ElementUtil:354 - waiting for element using By locator: By.name: search within time out: 10
2025-08-31 18:07:51 INFO  ElementUtil:61 - clicking on element using : By.cssSelector: div#search button
2025-08-31 18:07:51 INFO  ElementUtil:117 - element is found using : By.cssSelector: div#search button
2025-08-31 18:07:52 INFO  ElementUtil:61 - clicking on element using : By.linkText: Canon EOS 5D
2025-08-31 18:07:52 INFO  ElementUtil:117 - element is found using : By.linkText: Canon EOS 5D
2025-08-31 18:07:53 INFO  ElementUtil:354 - waiting for element using By locator: By.name: search within time out: 10
2025-08-31 18:07:53 INFO  ElementUtil:61 - clicking on element using : By.cssSelector: div#search button
2025-08-31 18:07:53 INFO  ElementUtil:117 - element is found using : By.cssSelector: div#search button
2025-08-31 18:07:54 INFO  ElementUtil:61 - clicking on element using : By.linkText: MacBook Pro
2025-08-31 18:07:55 INFO  ElementUtil:117 - element is found using : By.linkText: MacBook Pro
2025-08-31 18:07:56 INFO  ElementUtil:354 - waiting for element using By locator: By.tagName: h1 within time out: 5
2025-08-31 19:08:30 INFO  DriverFactory:43 - browser name : chrome
2025-08-31 19:09:07 INFO  ElementUtil:123 - Element not found using By.linkText: Forgotten Password11
com.qa.opencart.exceptions.FrameworkException: invalid locator  : By.linkText: Forgotten Password11
	at com.qa.opencart.utils.ElementUtil.getElement(ElementUtil.java:122) ~[classes/:?]
	at com.qa.opencart.utils.ElementUtil.isElementDisplayed(ElementUtil.java:80) ~[classes/:?]
	at com.qa.opencart.pages.LoginPage.isForgotPwdLinkExist(LoginPage.java:57) ~[classes/:?]
	at com.qa.opencart.tests.LoginPageTest.isForgotPwdLinkExistTest(LoginPageTest.java:48) ~[test-classes/:?]
	at java.base/jdk.internal.reflect.NativeMethodAccessorImpl.invoke0(Native Method) ~[?:?]
	at java.base/jdk.internal.reflect.NativeMethodAccessorImpl.invoke(NativeMethodAccessorImpl.java:77) ~[?:?]
	at java.base/jdk.internal.reflect.DelegatingMethodAccessorImpl.invoke(DelegatingMethodAccessorImpl.java:43) ~[?:?]
	at java.base/java.lang.reflect.Method.invoke(Method.java:568) ~[?:?]
	at org.testng.internal.invokers.MethodInvocationHelper.invokeMethod(MethodInvocationHelper.java:139) ~[testng-7.7.0.jar:7.7.0]
	at org.testng.internal.invokers.TestInvoker.invokeMethod(TestInvoker.java:677) ~[testng-7.7.0.jar:7.7.0]
	at org.testng.internal.invokers.TestInvoker.invokeTestMethod(TestInvoker.java:221) ~[testng-7.7.0.jar:7.7.0]
	at org.testng.internal.invokers.MethodRunner.runInSequence(MethodRunner.java:50) ~[testng-7.7.0.jar:7.7.0]
	at org.testng.internal.invokers.TestInvoker$MethodInvocationAgent.invoke(TestInvoker.java:969) ~[testng-7.7.0.jar:7.7.0]
	at org.testng.internal.invokers.TestInvoker.invokeTestMethods(TestInvoker.java:194) ~[testng-7.7.0.jar:7.7.0]
	at org.testng.internal.invokers.TestMethodWorker.invokeTestMethods(TestMethodWorker.java:148) ~[testng-7.7.0.jar:7.7.0]
	at org.testng.internal.invokers.TestMethodWorker.run(TestMethodWorker.java:128) ~[testng-7.7.0.jar:7.7.0]
	at java.base/java.util.ArrayList.forEach(ArrayList.java:1511) ~[?:?]
	at org.testng.TestRunner.privateRun(TestRunner.java:829) ~[testng-7.7.0.jar:7.7.0]
	at org.testng.TestRunner.run(TestRunner.java:602) ~[testng-7.7.0.jar:7.7.0]
	at org.testng.SuiteRunner.runTest(SuiteRunner.java:437) ~[testng-7.7.0.jar:7.7.0]
	at org.testng.SuiteRunner$SuiteWorker.run(SuiteRunner.java:475) ~[testng-7.7.0.jar:7.7.0]
	at org.testng.internal.thread.ThreadUtil.lambda$execute$0(ThreadUtil.java:58) ~[testng-7.7.0.jar:7.7.0]
	at java.base/java.util.concurrent.FutureTask.run(FutureTask.java:264) [?:?]
	at java.base/java.util.concurrent.ThreadPoolExecutor.runWorker(ThreadPoolExecutor.java:1136) [?:?]
	at java.base/java.util.concurrent.ThreadPoolExecutor$Worker.run(ThreadPoolExecutor.java:635) [?:?]
	at java.base/java.lang.Thread.run(Thread.java:833) [?:?]
2025-08-31 19:09:07 INFO  ElementUtil:123 - Element not found using By.linkText: Forgotten Password11
com.qa.opencart.exceptions.FrameworkException: invalid locator  : By.linkText: Forgotten Password11
	at com.qa.opencart.utils.ElementUtil.getElement(ElementUtil.java:122) ~[classes/:?]
	at com.qa.opencart.utils.ElementUtil.isElementDisplayed(ElementUtil.java:80) ~[classes/:?]
	at com.qa.opencart.pages.LoginPage.isForgotPwdLinkExist(LoginPage.java:57) ~[classes/:?]
	at com.qa.opencart.tests.LoginPageTest.isForgotPwdLinkExistTest(LoginPageTest.java:48) ~[test-classes/:?]
	at java.base/jdk.internal.reflect.NativeMethodAccessorImpl.invoke0(Native Method) ~[?:?]
	at java.base/jdk.internal.reflect.NativeMethodAccessorImpl.invoke(NativeMethodAccessorImpl.java:77) ~[?:?]
	at java.base/jdk.internal.reflect.DelegatingMethodAccessorImpl.invoke(DelegatingMethodAccessorImpl.java:43) ~[?:?]
	at java.base/java.lang.reflect.Method.invoke(Method.java:568) ~[?:?]
	at org.testng.internal.invokers.MethodInvocationHelper.invokeMethod(MethodInvocationHelper.java:139) ~[testng-7.7.0.jar:7.7.0]
	at org.testng.internal.invokers.TestInvoker.invokeMethod(TestInvoker.java:677) ~[testng-7.7.0.jar:7.7.0]
	at org.testng.internal.invokers.TestInvoker.retryFailed(TestInvoker.java:263) ~[testng-7.7.0.jar:7.7.0]
	at org.testng.internal.invokers.MethodRunner.runInSequence(MethodRunner.java:62) ~[testng-7.7.0.jar:7.7.0]
	at org.testng.internal.invokers.TestInvoker$MethodInvocationAgent.invoke(TestInvoker.java:969) ~[testng-7.7.0.jar:7.7.0]
	at org.testng.internal.invokers.TestInvoker.invokeTestMethods(TestInvoker.java:194) ~[testng-7.7.0.jar:7.7.0]
	at org.testng.internal.invokers.TestMethodWorker.invokeTestMethods(TestMethodWorker.java:148) ~[testng-7.7.0.jar:7.7.0]
	at org.testng.internal.invokers.TestMethodWorker.run(TestMethodWorker.java:128) ~[testng-7.7.0.jar:7.7.0]
	at java.base/java.util.ArrayList.forEach(ArrayList.java:1511) ~[?:?]
	at org.testng.TestRunner.privateRun(TestRunner.java:829) ~[testng-7.7.0.jar:7.7.0]
	at org.testng.TestRunner.run(TestRunner.java:602) ~[testng-7.7.0.jar:7.7.0]
	at org.testng.SuiteRunner.runTest(SuiteRunner.java:437) ~[testng-7.7.0.jar:7.7.0]
	at org.testng.SuiteRunner$SuiteWorker.run(SuiteRunner.java:475) ~[testng-7.7.0.jar:7.7.0]
	at org.testng.internal.thread.ThreadUtil.lambda$execute$0(ThreadUtil.java:58) ~[testng-7.7.0.jar:7.7.0]
	at java.base/java.util.concurrent.FutureTask.run(FutureTask.java:264) [?:?]
	at java.base/java.util.concurrent.ThreadPoolExecutor.runWorker(ThreadPoolExecutor.java:1136) [?:?]
	at java.base/java.util.concurrent.ThreadPoolExecutor$Worker.run(ThreadPoolExecutor.java:635) [?:?]
	at java.base/java.lang.Thread.run(Thread.java:833) [?:?]
2025-08-31 19:09:08 INFO  ElementUtil:123 - Element not found using By.linkText: Forgotten Password11
com.qa.opencart.exceptions.FrameworkException: invalid locator  : By.linkText: Forgotten Password11
	at com.qa.opencart.utils.ElementUtil.getElement(ElementUtil.java:122) ~[classes/:?]
	at com.qa.opencart.utils.ElementUtil.isElementDisplayed(ElementUtil.java:80) ~[classes/:?]
	at com.qa.opencart.pages.LoginPage.isForgotPwdLinkExist(LoginPage.java:57) ~[classes/:?]
	at com.qa.opencart.tests.LoginPageTest.isForgotPwdLinkExistTest(LoginPageTest.java:48) ~[test-classes/:?]
	at java.base/jdk.internal.reflect.NativeMethodAccessorImpl.invoke0(Native Method) ~[?:?]
	at java.base/jdk.internal.reflect.NativeMethodAccessorImpl.invoke(NativeMethodAccessorImpl.java:77) ~[?:?]
	at java.base/jdk.internal.reflect.DelegatingMethodAccessorImpl.invoke(DelegatingMethodAccessorImpl.java:43) ~[?:?]
	at java.base/java.lang.reflect.Method.invoke(Method.java:568) ~[?:?]
	at org.testng.internal.invokers.MethodInvocationHelper.invokeMethod(MethodInvocationHelper.java:139) ~[testng-7.7.0.jar:7.7.0]
	at org.testng.internal.invokers.TestInvoker.invokeMethod(TestInvoker.java:677) ~[testng-7.7.0.jar:7.7.0]
	at org.testng.internal.invokers.TestInvoker.retryFailed(TestInvoker.java:263) ~[testng-7.7.0.jar:7.7.0]
	at org.testng.internal.invokers.MethodRunner.runInSequence(MethodRunner.java:62) ~[testng-7.7.0.jar:7.7.0]
	at org.testng.internal.invokers.TestInvoker$MethodInvocationAgent.invoke(TestInvoker.java:969) ~[testng-7.7.0.jar:7.7.0]
	at org.testng.internal.invokers.TestInvoker.invokeTestMethods(TestInvoker.java:194) ~[testng-7.7.0.jar:7.7.0]
	at org.testng.internal.invokers.TestMethodWorker.invokeTestMethods(TestMethodWorker.java:148) ~[testng-7.7.0.jar:7.7.0]
	at org.testng.internal.invokers.TestMethodWorker.run(TestMethodWorker.java:128) ~[testng-7.7.0.jar:7.7.0]
	at java.base/java.util.ArrayList.forEach(ArrayList.java:1511) ~[?:?]
	at org.testng.TestRunner.privateRun(TestRunner.java:829) ~[testng-7.7.0.jar:7.7.0]
	at org.testng.TestRunner.run(TestRunner.java:602) ~[testng-7.7.0.jar:7.7.0]
	at org.testng.SuiteRunner.runTest(SuiteRunner.java:437) ~[testng-7.7.0.jar:7.7.0]
	at org.testng.SuiteRunner$SuiteWorker.run(SuiteRunner.java:475) ~[testng-7.7.0.jar:7.7.0]
	at org.testng.internal.thread.ThreadUtil.lambda$execute$0(ThreadUtil.java:58) ~[testng-7.7.0.jar:7.7.0]
	at java.base/java.util.concurrent.FutureTask.run(FutureTask.java:264) [?:?]
	at java.base/java.util.concurrent.ThreadPoolExecutor.runWorker(ThreadPoolExecutor.java:1136) [?:?]
	at java.base/java.util.concurrent.ThreadPoolExecutor$Worker.run(ThreadPoolExecutor.java:635) [?:?]
	at java.base/java.lang.Thread.run(Thread.java:833) [?:?]
2025-08-31 19:09:08 INFO  ElementUtil:123 - Element not found using By.linkText: Forgotten Password11
com.qa.opencart.exceptions.FrameworkException: invalid locator  : By.linkText: Forgotten Password11
	at com.qa.opencart.utils.ElementUtil.getElement(ElementUtil.java:122) ~[classes/:?]
	at com.qa.opencart.utils.ElementUtil.isElementDisplayed(ElementUtil.java:80) ~[classes/:?]
	at com.qa.opencart.pages.LoginPage.isForgotPwdLinkExist(LoginPage.java:57) ~[classes/:?]
	at com.qa.opencart.tests.LoginPageTest.isForgotPwdLinkExistTest(LoginPageTest.java:48) ~[test-classes/:?]
	at java.base/jdk.internal.reflect.NativeMethodAccessorImpl.invoke0(Native Method) ~[?:?]
	at java.base/jdk.internal.reflect.NativeMethodAccessorImpl.invoke(NativeMethodAccessorImpl.java:77) ~[?:?]
	at java.base/jdk.internal.reflect.DelegatingMethodAccessorImpl.invoke(DelegatingMethodAccessorImpl.java:43) ~[?:?]
	at java.base/java.lang.reflect.Method.invoke(Method.java:568) ~[?:?]
	at org.testng.internal.invokers.MethodInvocationHelper.invokeMethod(MethodInvocationHelper.java:139) ~[testng-7.7.0.jar:7.7.0]
	at org.testng.internal.invokers.TestInvoker.invokeMethod(TestInvoker.java:677) ~[testng-7.7.0.jar:7.7.0]
	at org.testng.internal.invokers.TestInvoker.retryFailed(TestInvoker.java:263) ~[testng-7.7.0.jar:7.7.0]
	at org.testng.internal.invokers.MethodRunner.runInSequence(MethodRunner.java:62) ~[testng-7.7.0.jar:7.7.0]
	at org.testng.internal.invokers.TestInvoker$MethodInvocationAgent.invoke(TestInvoker.java:969) ~[testng-7.7.0.jar:7.7.0]
	at org.testng.internal.invokers.TestInvoker.invokeTestMethods(TestInvoker.java:194) ~[testng-7.7.0.jar:7.7.0]
	at org.testng.internal.invokers.TestMethodWorker.invokeTestMethods(TestMethodWorker.java:148) ~[testng-7.7.0.jar:7.7.0]
	at org.testng.internal.invokers.TestMethodWorker.run(TestMethodWorker.java:128) ~[testng-7.7.0.jar:7.7.0]
	at java.base/java.util.ArrayList.forEach(ArrayList.java:1511) ~[?:?]
	at org.testng.TestRunner.privateRun(TestRunner.java:829) ~[testng-7.7.0.jar:7.7.0]
	at org.testng.TestRunner.run(TestRunner.java:602) ~[testng-7.7.0.jar:7.7.0]
	at org.testng.SuiteRunner.runTest(SuiteRunner.java:437) ~[testng-7.7.0.jar:7.7.0]
	at org.testng.SuiteRunner$SuiteWorker.run(SuiteRunner.java:475) ~[testng-7.7.0.jar:7.7.0]
	at org.testng.internal.thread.ThreadUtil.lambda$execute$0(ThreadUtil.java:58) ~[testng-7.7.0.jar:7.7.0]
	at java.base/java.util.concurrent.FutureTask.run(FutureTask.java:264) [?:?]
	at java.base/java.util.concurrent.ThreadPoolExecutor.runWorker(ThreadPoolExecutor.java:1136) [?:?]
	at java.base/java.util.concurrent.ThreadPoolExecutor$Worker.run(ThreadPoolExecutor.java:635) [?:?]
	at java.base/java.lang.Thread.run(Thread.java:833) [?:?]
2025-08-31 19:09:08 INFO  ElementUtil:117 - element is found using : By.tagName: h2
2025-08-31 19:09:08 INFO  LoginPage:43 - login page title: Account Login
2025-08-31 19:09:08 INFO  LoginPage:51 - login page url : https://naveenautomationlabs.com/opencart/index.php?route=account/login
2025-08-31 19:09:08 INFO  LoginPage:68 - application credentials: march2024@open.com : Selenium@12345
2025-08-31 19:09:08 INFO  ElementUtil:354 - waiting for element using By locator: By.id: input-email within time out: 10
2025-08-31 19:09:09 INFO  ElementUtil:48 - entering the value : Selenium@12345 into locator: By.id: input-password
2025-08-31 19:09:09 INFO  ElementUtil:117 - element is found using : By.id: input-password
2025-08-31 19:09:09 INFO  ElementUtil:61 - clicking on element using : By.xpath: //input[@value='Login']
2025-08-31 19:09:09 INFO  ElementUtil:117 - element is found using : By.xpath: //input[@value='Login']
2025-08-31 19:09:10 INFO  ElementUtil:354 - waiting for element using By locator: By.linkText: Logout within time out: 10
2025-08-31 19:09:29 INFO  LoginPage:68 - application credentials: march2024@open.com : Selenium@12345
2025-08-31 19:09:29 INFO  ElementUtil:354 - waiting for element using By locator: By.id: input-email within time out: 10
2025-08-31 19:09:40 INFO  LoginPage:68 - application credentials: march2024@open.com : Selenium@12345
2025-08-31 19:09:40 INFO  ElementUtil:354 - waiting for element using By locator: By.id: input-email within time out: 10
2025-08-31 19:09:50 INFO  LoginPage:68 - application credentials: march2024@open.com : Selenium@12345
2025-08-31 19:09:50 INFO  ElementUtil:354 - waiting for element using By locator: By.id: input-email within time out: 10
2025-08-31 19:10:38 INFO  DriverFactory:43 - browser name : chrome
2025-08-31 19:10:47 INFO  ElementUtil:123 - Element not found using By.linkText: Forgotten Password11
com.qa.opencart.exceptions.FrameworkException: invalid locator  : By.linkText: Forgotten Password11
	at com.qa.opencart.utils.ElementUtil.getElement(ElementUtil.java:122) ~[classes/:?]
	at com.qa.opencart.utils.ElementUtil.isElementDisplayed(ElementUtil.java:80) ~[classes/:?]
	at com.qa.opencart.pages.LoginPage.isForgotPwdLinkExist(LoginPage.java:57) ~[classes/:?]
	at com.qa.opencart.tests.LoginPageTest.isForgotPwdLinkExistTest(LoginPageTest.java:48) ~[test-classes/:?]
	at java.base/jdk.internal.reflect.NativeMethodAccessorImpl.invoke0(Native Method) ~[?:?]
	at java.base/jdk.internal.reflect.NativeMethodAccessorImpl.invoke(NativeMethodAccessorImpl.java:77) ~[?:?]
	at java.base/jdk.internal.reflect.DelegatingMethodAccessorImpl.invoke(DelegatingMethodAccessorImpl.java:43) ~[?:?]
	at java.base/java.lang.reflect.Method.invoke(Method.java:568) ~[?:?]
	at org.testng.internal.invokers.MethodInvocationHelper.invokeMethod(MethodInvocationHelper.java:139) ~[testng-7.7.0.jar:7.7.0]
	at org.testng.internal.invokers.TestInvoker.invokeMethod(TestInvoker.java:677) ~[testng-7.7.0.jar:7.7.0]
	at org.testng.internal.invokers.TestInvoker.invokeTestMethod(TestInvoker.java:221) ~[testng-7.7.0.jar:7.7.0]
	at org.testng.internal.invokers.MethodRunner.runInSequence(MethodRunner.java:50) ~[testng-7.7.0.jar:7.7.0]
	at org.testng.internal.invokers.TestInvoker$MethodInvocationAgent.invoke(TestInvoker.java:969) ~[testng-7.7.0.jar:7.7.0]
	at org.testng.internal.invokers.TestInvoker.invokeTestMethods(TestInvoker.java:194) ~[testng-7.7.0.jar:7.7.0]
	at org.testng.internal.invokers.TestMethodWorker.invokeTestMethods(TestMethodWorker.java:148) ~[testng-7.7.0.jar:7.7.0]
	at org.testng.internal.invokers.TestMethodWorker.run(TestMethodWorker.java:128) ~[testng-7.7.0.jar:7.7.0]
	at java.base/java.util.ArrayList.forEach(ArrayList.java:1511) ~[?:?]
	at org.testng.TestRunner.privateRun(TestRunner.java:829) ~[testng-7.7.0.jar:7.7.0]
	at org.testng.TestRunner.run(TestRunner.java:602) ~[testng-7.7.0.jar:7.7.0]
	at org.testng.SuiteRunner.runTest(SuiteRunner.java:437) ~[testng-7.7.0.jar:7.7.0]
	at org.testng.SuiteRunner$SuiteWorker.run(SuiteRunner.java:475) ~[testng-7.7.0.jar:7.7.0]
	at org.testng.internal.thread.ThreadUtil.lambda$execute$0(ThreadUtil.java:58) ~[testng-7.7.0.jar:7.7.0]
	at java.base/java.util.concurrent.FutureTask.run(FutureTask.java:264) [?:?]
	at java.base/java.util.concurrent.ThreadPoolExecutor.runWorker(ThreadPoolExecutor.java:1136) [?:?]
	at java.base/java.util.concurrent.ThreadPoolExecutor$Worker.run(ThreadPoolExecutor.java:635) [?:?]
	at java.base/java.lang.Thread.run(Thread.java:833) [?:?]
2025-08-31 19:10:47 INFO  ElementUtil:123 - Element not found using By.linkText: Forgotten Password11
com.qa.opencart.exceptions.FrameworkException: invalid locator  : By.linkText: Forgotten Password11
	at com.qa.opencart.utils.ElementUtil.getElement(ElementUtil.java:122) ~[classes/:?]
	at com.qa.opencart.utils.ElementUtil.isElementDisplayed(ElementUtil.java:80) ~[classes/:?]
	at com.qa.opencart.pages.LoginPage.isForgotPwdLinkExist(LoginPage.java:57) ~[classes/:?]
	at com.qa.opencart.tests.LoginPageTest.isForgotPwdLinkExistTest(LoginPageTest.java:48) ~[test-classes/:?]
	at java.base/jdk.internal.reflect.NativeMethodAccessorImpl.invoke0(Native Method) ~[?:?]
	at java.base/jdk.internal.reflect.NativeMethodAccessorImpl.invoke(NativeMethodAccessorImpl.java:77) ~[?:?]
	at java.base/jdk.internal.reflect.DelegatingMethodAccessorImpl.invoke(DelegatingMethodAccessorImpl.java:43) ~[?:?]
	at java.base/java.lang.reflect.Method.invoke(Method.java:568) ~[?:?]
	at org.testng.internal.invokers.MethodInvocationHelper.invokeMethod(MethodInvocationHelper.java:139) ~[testng-7.7.0.jar:7.7.0]
	at org.testng.internal.invokers.TestInvoker.invokeMethod(TestInvoker.java:677) ~[testng-7.7.0.jar:7.7.0]
	at org.testng.internal.invokers.TestInvoker.retryFailed(TestInvoker.java:263) ~[testng-7.7.0.jar:7.7.0]
	at org.testng.internal.invokers.MethodRunner.runInSequence(MethodRunner.java:62) ~[testng-7.7.0.jar:7.7.0]
	at org.testng.internal.invokers.TestInvoker$MethodInvocationAgent.invoke(TestInvoker.java:969) ~[testng-7.7.0.jar:7.7.0]
	at org.testng.internal.invokers.TestInvoker.invokeTestMethods(TestInvoker.java:194) ~[testng-7.7.0.jar:7.7.0]
	at org.testng.internal.invokers.TestMethodWorker.invokeTestMethods(TestMethodWorker.java:148) ~[testng-7.7.0.jar:7.7.0]
	at org.testng.internal.invokers.TestMethodWorker.run(TestMethodWorker.java:128) ~[testng-7.7.0.jar:7.7.0]
	at java.base/java.util.ArrayList.forEach(ArrayList.java:1511) ~[?:?]
	at org.testng.TestRunner.privateRun(TestRunner.java:829) ~[testng-7.7.0.jar:7.7.0]
	at org.testng.TestRunner.run(TestRunner.java:602) ~[testng-7.7.0.jar:7.7.0]
	at org.testng.SuiteRunner.runTest(SuiteRunner.java:437) ~[testng-7.7.0.jar:7.7.0]
	at org.testng.SuiteRunner$SuiteWorker.run(SuiteRunner.java:475) ~[testng-7.7.0.jar:7.7.0]
	at org.testng.internal.thread.ThreadUtil.lambda$execute$0(ThreadUtil.java:58) ~[testng-7.7.0.jar:7.7.0]
	at java.base/java.util.concurrent.FutureTask.run(FutureTask.java:264) [?:?]
	at java.base/java.util.concurrent.ThreadPoolExecutor.runWorker(ThreadPoolExecutor.java:1136) [?:?]
	at java.base/java.util.concurrent.ThreadPoolExecutor$Worker.run(ThreadPoolExecutor.java:635) [?:?]
	at java.base/java.lang.Thread.run(Thread.java:833) [?:?]
2025-08-31 19:10:48 INFO  ElementUtil:123 - Element not found using By.linkText: Forgotten Password11
com.qa.opencart.exceptions.FrameworkException: invalid locator  : By.linkText: Forgotten Password11
	at com.qa.opencart.utils.ElementUtil.getElement(ElementUtil.java:122) ~[classes/:?]
	at com.qa.opencart.utils.ElementUtil.isElementDisplayed(ElementUtil.java:80) ~[classes/:?]
	at com.qa.opencart.pages.LoginPage.isForgotPwdLinkExist(LoginPage.java:57) ~[classes/:?]
	at com.qa.opencart.tests.LoginPageTest.isForgotPwdLinkExistTest(LoginPageTest.java:48) ~[test-classes/:?]
	at java.base/jdk.internal.reflect.NativeMethodAccessorImpl.invoke0(Native Method) ~[?:?]
	at java.base/jdk.internal.reflect.NativeMethodAccessorImpl.invoke(NativeMethodAccessorImpl.java:77) ~[?:?]
	at java.base/jdk.internal.reflect.DelegatingMethodAccessorImpl.invoke(DelegatingMethodAccessorImpl.java:43) ~[?:?]
	at java.base/java.lang.reflect.Method.invoke(Method.java:568) ~[?:?]
	at org.testng.internal.invokers.MethodInvocationHelper.invokeMethod(MethodInvocationHelper.java:139) ~[testng-7.7.0.jar:7.7.0]
	at org.testng.internal.invokers.TestInvoker.invokeMethod(TestInvoker.java:677) ~[testng-7.7.0.jar:7.7.0]
	at org.testng.internal.invokers.TestInvoker.retryFailed(TestInvoker.java:263) ~[testng-7.7.0.jar:7.7.0]
	at org.testng.internal.invokers.MethodRunner.runInSequence(MethodRunner.java:62) ~[testng-7.7.0.jar:7.7.0]
	at org.testng.internal.invokers.TestInvoker$MethodInvocationAgent.invoke(TestInvoker.java:969) ~[testng-7.7.0.jar:7.7.0]
	at org.testng.internal.invokers.TestInvoker.invokeTestMethods(TestInvoker.java:194) ~[testng-7.7.0.jar:7.7.0]
	at org.testng.internal.invokers.TestMethodWorker.invokeTestMethods(TestMethodWorker.java:148) ~[testng-7.7.0.jar:7.7.0]
	at org.testng.internal.invokers.TestMethodWorker.run(TestMethodWorker.java:128) ~[testng-7.7.0.jar:7.7.0]
	at java.base/java.util.ArrayList.forEach(ArrayList.java:1511) ~[?:?]
	at org.testng.TestRunner.privateRun(TestRunner.java:829) ~[testng-7.7.0.jar:7.7.0]
	at org.testng.TestRunner.run(TestRunner.java:602) ~[testng-7.7.0.jar:7.7.0]
	at org.testng.SuiteRunner.runTest(SuiteRunner.java:437) ~[testng-7.7.0.jar:7.7.0]
	at org.testng.SuiteRunner$SuiteWorker.run(SuiteRunner.java:475) ~[testng-7.7.0.jar:7.7.0]
	at org.testng.internal.thread.ThreadUtil.lambda$execute$0(ThreadUtil.java:58) ~[testng-7.7.0.jar:7.7.0]
	at java.base/java.util.concurrent.FutureTask.run(FutureTask.java:264) [?:?]
	at java.base/java.util.concurrent.ThreadPoolExecutor.runWorker(ThreadPoolExecutor.java:1136) [?:?]
	at java.base/java.util.concurrent.ThreadPoolExecutor$Worker.run(ThreadPoolExecutor.java:635) [?:?]
	at java.base/java.lang.Thread.run(Thread.java:833) [?:?]
2025-08-31 19:10:48 INFO  ElementUtil:123 - Element not found using By.linkText: Forgotten Password11
com.qa.opencart.exceptions.FrameworkException: invalid locator  : By.linkText: Forgotten Password11
	at com.qa.opencart.utils.ElementUtil.getElement(ElementUtil.java:122) ~[classes/:?]
	at com.qa.opencart.utils.ElementUtil.isElementDisplayed(ElementUtil.java:80) ~[classes/:?]
	at com.qa.opencart.pages.LoginPage.isForgotPwdLinkExist(LoginPage.java:57) ~[classes/:?]
	at com.qa.opencart.tests.LoginPageTest.isForgotPwdLinkExistTest(LoginPageTest.java:48) ~[test-classes/:?]
	at java.base/jdk.internal.reflect.NativeMethodAccessorImpl.invoke0(Native Method) ~[?:?]
	at java.base/jdk.internal.reflect.NativeMethodAccessorImpl.invoke(NativeMethodAccessorImpl.java:77) ~[?:?]
	at java.base/jdk.internal.reflect.DelegatingMethodAccessorImpl.invoke(DelegatingMethodAccessorImpl.java:43) ~[?:?]
	at java.base/java.lang.reflect.Method.invoke(Method.java:568) ~[?:?]
	at org.testng.internal.invokers.MethodInvocationHelper.invokeMethod(MethodInvocationHelper.java:139) ~[testng-7.7.0.jar:7.7.0]
	at org.testng.internal.invokers.TestInvoker.invokeMethod(TestInvoker.java:677) ~[testng-7.7.0.jar:7.7.0]
	at org.testng.internal.invokers.TestInvoker.retryFailed(TestInvoker.java:263) ~[testng-7.7.0.jar:7.7.0]
	at org.testng.internal.invokers.MethodRunner.runInSequence(MethodRunner.java:62) ~[testng-7.7.0.jar:7.7.0]
	at org.testng.internal.invokers.TestInvoker$MethodInvocationAgent.invoke(TestInvoker.java:969) ~[testng-7.7.0.jar:7.7.0]
	at org.testng.internal.invokers.TestInvoker.invokeTestMethods(TestInvoker.java:194) ~[testng-7.7.0.jar:7.7.0]
	at org.testng.internal.invokers.TestMethodWorker.invokeTestMethods(TestMethodWorker.java:148) ~[testng-7.7.0.jar:7.7.0]
	at org.testng.internal.invokers.TestMethodWorker.run(TestMethodWorker.java:128) ~[testng-7.7.0.jar:7.7.0]
	at java.base/java.util.ArrayList.forEach(ArrayList.java:1511) ~[?:?]
	at org.testng.TestRunner.privateRun(TestRunner.java:829) ~[testng-7.7.0.jar:7.7.0]
	at org.testng.TestRunner.run(TestRunner.java:602) ~[testng-7.7.0.jar:7.7.0]
	at org.testng.SuiteRunner.runTest(SuiteRunner.java:437) ~[testng-7.7.0.jar:7.7.0]
	at org.testng.SuiteRunner$SuiteWorker.run(SuiteRunner.java:475) ~[testng-7.7.0.jar:7.7.0]
	at org.testng.internal.thread.ThreadUtil.lambda$execute$0(ThreadUtil.java:58) ~[testng-7.7.0.jar:7.7.0]
	at java.base/java.util.concurrent.FutureTask.run(FutureTask.java:264) [?:?]
	at java.base/java.util.concurrent.ThreadPoolExecutor.runWorker(ThreadPoolExecutor.java:1136) [?:?]
	at java.base/java.util.concurrent.ThreadPoolExecutor$Worker.run(ThreadPoolExecutor.java:635) [?:?]
	at java.base/java.lang.Thread.run(Thread.java:833) [?:?]
2025-08-31 19:10:48 INFO  ElementUtil:117 - element is found using : By.tagName: h2
2025-08-31 19:10:48 INFO  LoginPage:43 - login page title: Account Login
2025-08-31 19:10:48 INFO  LoginPage:51 - login page url : https://naveenautomationlabs.com/opencart/index.php?route=account/login
2025-08-31 19:10:48 INFO  LoginPage:68 - application credentials: march2024@open.com : Selenium@12345
2025-08-31 19:10:48 INFO  ElementUtil:354 - waiting for element using By locator: By.id: input-email within time out: 10
2025-08-31 19:10:49 INFO  ElementUtil:48 - entering the value : Selenium@12345 into locator: By.id: input-password
2025-08-31 19:10:49 INFO  ElementUtil:117 - element is found using : By.id: input-password
2025-08-31 19:10:49 INFO  ElementUtil:61 - clicking on element using : By.xpath: //input[@value='Login']
2025-08-31 19:10:49 INFO  ElementUtil:117 - element is found using : By.xpath: //input[@value='Login']
2025-08-31 19:10:50 INFO  ElementUtil:354 - waiting for element using By locator: By.linkText: Logout within time out: 10
2025-09-01 07:36:11 INFO  DriverFactory:43 - browser name : chrome
2025-09-01 07:36:17 INFO  ElementUtil:123 - Element not found using By.linkText: Forgotten Password11
com.qa.opencart.exceptions.FrameworkException: invalid locator  : By.linkText: Forgotten Password11
	at com.qa.opencart.utils.ElementUtil.getElement(ElementUtil.java:122) [classes/:?]
	at com.qa.opencart.utils.ElementUtil.isElementDisplayed(ElementUtil.java:80) [classes/:?]
	at com.qa.opencart.pages.LoginPage.isForgotPwdLinkExist(LoginPage.java:57) [classes/:?]
	at com.qa.opencart.tests.LoginPageTest.isForgotPwdLinkExistTest(LoginPageTest.java:48) [test-classes/:?]
	at java.base/jdk.internal.reflect.DirectMethodHandleAccessor.invoke(DirectMethodHandleAccessor.java:104) ~[?:?]
	at java.base/java.lang.reflect.Method.invoke(Method.java:565) ~[?:?]
	at org.testng.internal.invokers.MethodInvocationHelper.invokeMethod(MethodInvocationHelper.java:139) [testng-7.7.0.jar:7.7.0]
	at org.testng.internal.invokers.TestInvoker.invokeMethod(TestInvoker.java:677) [testng-7.7.0.jar:7.7.0]
	at org.testng.internal.invokers.TestInvoker.invokeTestMethod(TestInvoker.java:221) [testng-7.7.0.jar:7.7.0]
	at org.testng.internal.invokers.MethodRunner.runInSequence(MethodRunner.java:50) [testng-7.7.0.jar:7.7.0]
	at org.testng.internal.invokers.TestInvoker$MethodInvocationAgent.invoke(TestInvoker.java:969) [testng-7.7.0.jar:7.7.0]
	at org.testng.internal.invokers.TestInvoker.invokeTestMethods(TestInvoker.java:194) [testng-7.7.0.jar:7.7.0]
	at org.testng.internal.invokers.TestMethodWorker.invokeTestMethods(TestMethodWorker.java:148) [testng-7.7.0.jar:7.7.0]
	at org.testng.internal.invokers.TestMethodWorker.run(TestMethodWorker.java:128) [testng-7.7.0.jar:7.7.0]
	at java.base/java.util.ArrayList.forEach(ArrayList.java:1604) [?:?]
	at org.testng.TestRunner.privateRun(TestRunner.java:829) [testng-7.7.0.jar:7.7.0]
	at org.testng.TestRunner.run(TestRunner.java:602) [testng-7.7.0.jar:7.7.0]
	at org.testng.SuiteRunner.runTest(SuiteRunner.java:437) [testng-7.7.0.jar:7.7.0]
	at org.testng.SuiteRunner$SuiteWorker.run(SuiteRunner.java:475) [testng-7.7.0.jar:7.7.0]
	at org.testng.internal.thread.ThreadUtil.lambda$execute$0(ThreadUtil.java:58) [testng-7.7.0.jar:7.7.0]
	at java.base/java.util.concurrent.FutureTask.run(FutureTask.java:328) [?:?]
	at java.base/java.util.concurrent.ThreadPoolExecutor.runWorker(ThreadPoolExecutor.java:1095) [?:?]
	at java.base/java.util.concurrent.ThreadPoolExecutor$Worker.run(ThreadPoolExecutor.java:619) [?:?]
	at java.base/java.lang.Thread.run(Thread.java:1447) [?:?]
2025-09-01 07:36:18 INFO  ElementUtil:123 - Element not found using By.linkText: Forgotten Password11
com.qa.opencart.exceptions.FrameworkException: invalid locator  : By.linkText: Forgotten Password11
	at com.qa.opencart.utils.ElementUtil.getElement(ElementUtil.java:122) [classes/:?]
	at com.qa.opencart.utils.ElementUtil.isElementDisplayed(ElementUtil.java:80) [classes/:?]
	at com.qa.opencart.pages.LoginPage.isForgotPwdLinkExist(LoginPage.java:57) [classes/:?]
	at com.qa.opencart.tests.LoginPageTest.isForgotPwdLinkExistTest(LoginPageTest.java:48) [test-classes/:?]
	at java.base/jdk.internal.reflect.DirectMethodHandleAccessor.invoke(DirectMethodHandleAccessor.java:104) ~[?:?]
	at java.base/java.lang.reflect.Method.invoke(Method.java:565) ~[?:?]
	at org.testng.internal.invokers.MethodInvocationHelper.invokeMethod(MethodInvocationHelper.java:139) [testng-7.7.0.jar:7.7.0]
	at org.testng.internal.invokers.TestInvoker.invokeMethod(TestInvoker.java:677) [testng-7.7.0.jar:7.7.0]
	at org.testng.internal.invokers.TestInvoker.retryFailed(TestInvoker.java:263) [testng-7.7.0.jar:7.7.0]
	at org.testng.internal.invokers.MethodRunner.runInSequence(MethodRunner.java:62) [testng-7.7.0.jar:7.7.0]
	at org.testng.internal.invokers.TestInvoker$MethodInvocationAgent.invoke(TestInvoker.java:969) [testng-7.7.0.jar:7.7.0]
	at org.testng.internal.invokers.TestInvoker.invokeTestMethods(TestInvoker.java:194) [testng-7.7.0.jar:7.7.0]
	at org.testng.internal.invokers.TestMethodWorker.invokeTestMethods(TestMethodWorker.java:148) [testng-7.7.0.jar:7.7.0]
	at org.testng.internal.invokers.TestMethodWorker.run(TestMethodWorker.java:128) [testng-7.7.0.jar:7.7.0]
	at java.base/java.util.ArrayList.forEach(ArrayList.java:1604) [?:?]
	at org.testng.TestRunner.privateRun(TestRunner.java:829) [testng-7.7.0.jar:7.7.0]
	at org.testng.TestRunner.run(TestRunner.java:602) [testng-7.7.0.jar:7.7.0]
	at org.testng.SuiteRunner.runTest(SuiteRunner.java:437) [testng-7.7.0.jar:7.7.0]
	at org.testng.SuiteRunner$SuiteWorker.run(SuiteRunner.java:475) [testng-7.7.0.jar:7.7.0]
	at org.testng.internal.thread.ThreadUtil.lambda$execute$0(ThreadUtil.java:58) [testng-7.7.0.jar:7.7.0]
	at java.base/java.util.concurrent.FutureTask.run(FutureTask.java:328) [?:?]
	at java.base/java.util.concurrent.ThreadPoolExecutor.runWorker(ThreadPoolExecutor.java:1095) [?:?]
	at java.base/java.util.concurrent.ThreadPoolExecutor$Worker.run(ThreadPoolExecutor.java:619) [?:?]
	at java.base/java.lang.Thread.run(Thread.java:1447) [?:?]
2025-09-01 07:36:18 INFO  ElementUtil:123 - Element not found using By.linkText: Forgotten Password11
com.qa.opencart.exceptions.FrameworkException: invalid locator  : By.linkText: Forgotten Password11
	at com.qa.opencart.utils.ElementUtil.getElement(ElementUtil.java:122) [classes/:?]
	at com.qa.opencart.utils.ElementUtil.isElementDisplayed(ElementUtil.java:80) [classes/:?]
	at com.qa.opencart.pages.LoginPage.isForgotPwdLinkExist(LoginPage.java:57) [classes/:?]
	at com.qa.opencart.tests.LoginPageTest.isForgotPwdLinkExistTest(LoginPageTest.java:48) [test-classes/:?]
	at java.base/jdk.internal.reflect.DirectMethodHandleAccessor.invoke(DirectMethodHandleAccessor.java:104) ~[?:?]
	at java.base/java.lang.reflect.Method.invoke(Method.java:565) ~[?:?]
	at org.testng.internal.invokers.MethodInvocationHelper.invokeMethod(MethodInvocationHelper.java:139) [testng-7.7.0.jar:7.7.0]
	at org.testng.internal.invokers.TestInvoker.invokeMethod(TestInvoker.java:677) [testng-7.7.0.jar:7.7.0]
	at org.testng.internal.invokers.TestInvoker.retryFailed(TestInvoker.java:263) [testng-7.7.0.jar:7.7.0]
	at org.testng.internal.invokers.MethodRunner.runInSequence(MethodRunner.java:62) [testng-7.7.0.jar:7.7.0]
	at org.testng.internal.invokers.TestInvoker$MethodInvocationAgent.invoke(TestInvoker.java:969) [testng-7.7.0.jar:7.7.0]
	at org.testng.internal.invokers.TestInvoker.invokeTestMethods(TestInvoker.java:194) [testng-7.7.0.jar:7.7.0]
	at org.testng.internal.invokers.TestMethodWorker.invokeTestMethods(TestMethodWorker.java:148) [testng-7.7.0.jar:7.7.0]
	at org.testng.internal.invokers.TestMethodWorker.run(TestMethodWorker.java:128) [testng-7.7.0.jar:7.7.0]
	at java.base/java.util.ArrayList.forEach(ArrayList.java:1604) [?:?]
	at org.testng.TestRunner.privateRun(TestRunner.java:829) [testng-7.7.0.jar:7.7.0]
	at org.testng.TestRunner.run(TestRunner.java:602) [testng-7.7.0.jar:7.7.0]
	at org.testng.SuiteRunner.runTest(SuiteRunner.java:437) [testng-7.7.0.jar:7.7.0]
	at org.testng.SuiteRunner$SuiteWorker.run(SuiteRunner.java:475) [testng-7.7.0.jar:7.7.0]
	at org.testng.internal.thread.ThreadUtil.lambda$execute$0(ThreadUtil.java:58) [testng-7.7.0.jar:7.7.0]
	at java.base/java.util.concurrent.FutureTask.run(FutureTask.java:328) [?:?]
	at java.base/java.util.concurrent.ThreadPoolExecutor.runWorker(ThreadPoolExecutor.java:1095) [?:?]
	at java.base/java.util.concurrent.ThreadPoolExecutor$Worker.run(ThreadPoolExecutor.java:619) [?:?]
	at java.base/java.lang.Thread.run(Thread.java:1447) [?:?]
2025-09-01 07:36:18 INFO  ElementUtil:123 - Element not found using By.linkText: Forgotten Password11
com.qa.opencart.exceptions.FrameworkException: invalid locator  : By.linkText: Forgotten Password11
	at com.qa.opencart.utils.ElementUtil.getElement(ElementUtil.java:122) [classes/:?]
	at com.qa.opencart.utils.ElementUtil.isElementDisplayed(ElementUtil.java:80) [classes/:?]
	at com.qa.opencart.pages.LoginPage.isForgotPwdLinkExist(LoginPage.java:57) [classes/:?]
	at com.qa.opencart.tests.LoginPageTest.isForgotPwdLinkExistTest(LoginPageTest.java:48) [test-classes/:?]
	at java.base/jdk.internal.reflect.DirectMethodHandleAccessor.invoke(DirectMethodHandleAccessor.java:104) ~[?:?]
	at java.base/java.lang.reflect.Method.invoke(Method.java:565) ~[?:?]
	at org.testng.internal.invokers.MethodInvocationHelper.invokeMethod(MethodInvocationHelper.java:139) [testng-7.7.0.jar:7.7.0]
	at org.testng.internal.invokers.TestInvoker.invokeMethod(TestInvoker.java:677) [testng-7.7.0.jar:7.7.0]
	at org.testng.internal.invokers.TestInvoker.retryFailed(TestInvoker.java:263) [testng-7.7.0.jar:7.7.0]
	at org.testng.internal.invokers.MethodRunner.runInSequence(MethodRunner.java:62) [testng-7.7.0.jar:7.7.0]
	at org.testng.internal.invokers.TestInvoker$MethodInvocationAgent.invoke(TestInvoker.java:969) [testng-7.7.0.jar:7.7.0]
	at org.testng.internal.invokers.TestInvoker.invokeTestMethods(TestInvoker.java:194) [testng-7.7.0.jar:7.7.0]
	at org.testng.internal.invokers.TestMethodWorker.invokeTestMethods(TestMethodWorker.java:148) [testng-7.7.0.jar:7.7.0]
	at org.testng.internal.invokers.TestMethodWorker.run(TestMethodWorker.java:128) [testng-7.7.0.jar:7.7.0]
	at java.base/java.util.ArrayList.forEach(ArrayList.java:1604) [?:?]
	at org.testng.TestRunner.privateRun(TestRunner.java:829) [testng-7.7.0.jar:7.7.0]
	at org.testng.TestRunner.run(TestRunner.java:602) [testng-7.7.0.jar:7.7.0]
	at org.testng.SuiteRunner.runTest(SuiteRunner.java:437) [testng-7.7.0.jar:7.7.0]
	at org.testng.SuiteRunner$SuiteWorker.run(SuiteRunner.java:475) [testng-7.7.0.jar:7.7.0]
	at org.testng.internal.thread.ThreadUtil.lambda$execute$0(ThreadUtil.java:58) [testng-7.7.0.jar:7.7.0]
	at java.base/java.util.concurrent.FutureTask.run(FutureTask.java:328) [?:?]
	at java.base/java.util.concurrent.ThreadPoolExecutor.runWorker(ThreadPoolExecutor.java:1095) [?:?]
	at java.base/java.util.concurrent.ThreadPoolExecutor$Worker.run(ThreadPoolExecutor.java:619) [?:?]
	at java.base/java.lang.Thread.run(Thread.java:1447) [?:?]
2025-09-01 07:36:18 INFO  ElementUtil:117 - element is found using : By.tagName: h2
2025-09-01 07:36:19 INFO  LoginPage:43 - login page title: Account Login
2025-09-01 07:36:19 INFO  LoginPage:51 - login page url : https://naveenautomationlabs.com/opencart/index.php?route=account/login
2025-09-01 07:36:19 INFO  LoginPage:68 - application credentials: march2024@open.com : Selenium@12345
2025-09-01 07:36:19 INFO  ElementUtil:354 - waiting for element using By locator: By.id: input-email within time out: 10
2025-09-01 07:36:19 INFO  ElementUtil:48 - entering the value : Selenium@12345 into locator: By.id: input-password
2025-09-01 07:36:19 INFO  ElementUtil:117 - element is found using : By.id: input-password
2025-09-01 07:36:19 INFO  ElementUtil:61 - clicking on element using : By.xpath: //input[@value='Login']
2025-09-01 07:36:19 INFO  ElementUtil:117 - element is found using : By.xpath: //input[@value='Login']
2025-09-01 07:36:20 INFO  ElementUtil:354 - waiting for element using By locator: By.linkText: Logout within time out: 10
2025-09-01 07:41:13 INFO  DriverFactory:43 - browser name : chrome
2025-09-01 07:41:18 INFO  ElementUtil:117 - element is found using : By.linkText: Forgotten Password
2025-09-01 07:41:18 INFO  ElementUtil:117 - element is found using : By.tagName: h2
2025-09-01 07:41:19 INFO  LoginPage:43 - login page title: Account Login
2025-09-01 07:41:19 INFO  LoginPage:51 - login page url : https://naveenautomationlabs.com/opencart/index.php?route=account/login
2025-09-01 07:41:19 INFO  LoginPage:68 - application credentials: march2024@open.com : Selenium@12345
2025-09-01 07:41:19 INFO  ElementUtil:354 - waiting for element using By locator: By.id: input-email within time out: 10
2025-09-01 07:41:19 INFO  ElementUtil:48 - entering the value : Selenium@12345 into locator: By.id: input-password
2025-09-01 07:41:19 INFO  ElementUtil:117 - element is found using : By.id: input-password
2025-09-01 07:41:20 INFO  ElementUtil:61 - clicking on element using : By.xpath: //input[@value='Login']
2025-09-01 07:41:20 INFO  ElementUtil:117 - element is found using : By.xpath: //input[@value='Login']
2025-09-01 07:41:22 INFO  ElementUtil:354 - waiting for element using By locator: By.linkText: Logout within time out: 10
2025-09-03 18:06:02 INFO  DriverFactory:102 - Env name =======>null
2025-09-03 18:06:02 INFO  DriverFactory:102 - Env name =======>null
2025-09-03 18:06:02 INFO  DriverFactory:102 - Env name =======>null
2025-09-03 18:06:02 INFO  DriverFactory:102 - Env name =======>null
2025-09-03 18:06:02 INFO  DriverFactory:102 - Env name =======>null
2025-09-03 18:06:02 WARN  DriverFactory:106 - no env.. is passed, hence running tcs on QA environment...by default..
2025-09-03 18:06:02 WARN  DriverFactory:106 - no env.. is passed, hence running tcs on QA environment...by default..
2025-09-03 18:06:02 WARN  DriverFactory:106 - no env.. is passed, hence running tcs on QA environment...by default..
2025-09-03 18:06:02 WARN  DriverFactory:106 - no env.. is passed, hence running tcs on QA environment...by default..
2025-09-03 18:06:02 WARN  DriverFactory:106 - no env.. is passed, hence running tcs on QA environment...by default..
2025-09-03 18:06:02 INFO  DriverFactory:45 - browser name : chrome
2025-09-03 18:06:02 INFO  DriverFactory:45 - browser name : chrome
2025-09-03 18:06:02 INFO  DriverFactory:45 - browser name : chrome
2025-09-03 18:06:02 INFO  DriverFactory:45 - browser name : chrome
2025-09-03 18:06:02 INFO  DriverFactory:45 - browser name : chrome
2025-09-03 18:06:02 INFO  OptionsManager:31 - Running tests in incognito mode
2025-09-03 18:06:02 INFO  OptionsManager:31 - Running tests in incognito mode
2025-09-03 18:06:02 INFO  OptionsManager:31 - Running tests in incognito mode
2025-09-03 18:06:02 INFO  OptionsManager:31 - Running tests in incognito mode
2025-09-03 18:06:02 INFO  OptionsManager:31 - Running tests in incognito mode
2025-09-03 18:06:46 INFO  LoginPage:68 - application credentials: senthil@karasai.com : *********
2025-09-03 18:06:46 INFO  ElementUtil:356 - waiting for element using By locator: By.id: input-email within time out: 10
2025-09-03 18:06:46 INFO  LoginPage:68 - application credentials: senthil@karasai.com : *********
2025-09-03 18:06:46 INFO  ElementUtil:356 - waiting for element using By locator: By.id: input-email within time out: 10
2025-09-03 18:06:46 INFO  ElementUtil:119 - element is found using : By.linkText: Forgotten Password
2025-09-03 18:06:46 INFO  ElementUtil:48 - entering the value : Selenium@1234 into locator: By.id: input-password
2025-09-03 18:06:46 INFO  ElementUtil:48 - entering the value : Selenium@1234 into locator: By.id: input-password
2025-09-03 18:06:46 INFO  ElementUtil:119 - element is found using : By.id: input-password
2025-09-03 18:06:46 INFO  ElementUtil:119 - element is found using : By.id: input-password
2025-09-03 18:06:46 INFO  ElementUtil:119 - element is found using : By.tagName: h2
2025-09-03 18:06:47 INFO  ElementUtil:63 - clicking on element using : By.xpath: //input[@value='Login']
2025-09-03 18:06:47 INFO  ElementUtil:119 - element is found using : By.xpath: //input[@value='Login']
2025-09-03 18:06:47 INFO  ElementUtil:63 - clicking on element using : By.xpath: //input[@value='Login']
2025-09-03 18:06:47 INFO  ElementUtil:119 - element is found using : By.xpath: //input[@value='Login']
2025-09-03 18:06:47 INFO  LoginPage:44 - login page title: Account Login
2025-09-03 18:06:47 INFO  LoginPage:52 - login page url : https://naveenautomationlabs.com/opencart/index.php?route=account/login
2025-09-03 18:06:47 INFO  LoginPage:68 - application credentials: senthil@karasai.com : *********
2025-09-03 18:06:47 INFO  ElementUtil:356 - waiting for element using By locator: By.id: input-email within time out: 10
2025-09-03 18:06:47 INFO  ElementUtil:48 - entering the value : Selenium@1234 into locator: By.id: input-password
2025-09-03 18:06:47 INFO  ElementUtil:119 - element is found using : By.id: input-password
2025-09-03 18:06:48 INFO  ElementUtil:63 - clicking on element using : By.xpath: //input[@value='Login']
2025-09-03 18:06:48 INFO  ElementUtil:119 - element is found using : By.xpath: //input[@value='Login']
2025-09-03 18:06:48 INFO  LoginPage:68 - application credentials: senthil@karasai.com : *********
2025-09-03 18:06:48 INFO  ElementUtil:356 - waiting for element using By locator: By.id: input-email within time out: 10
2025-09-03 18:06:49 INFO  ElementUtil:48 - entering the value : Selenium@1234 into locator: By.id: input-password
2025-09-03 18:06:49 INFO  ElementUtil:119 - element is found using : By.id: input-password
2025-09-03 18:06:49 INFO  ElementUtil:63 - clicking on element using : By.xpath: //input[@value='Login']
2025-09-03 18:06:49 INFO  ElementUtil:119 - element is found using : By.xpath: //input[@value='Login']
2025-09-03 18:06:50 INFO  ElementUtil:356 - waiting for element using By locator: By.name: search within time out: 10
2025-09-03 18:06:50 INFO  ElementUtil:356 - waiting for element using By locator: By.linkText: Logout within time out: 10
2025-09-03 18:06:50 INFO  ElementUtil:356 - waiting for element using By locator: By.name: search within time out: 10
2025-09-03 18:06:51 INFO  ElementUtil:63 - clicking on element using : By.cssSelector: div#search button
2025-09-03 18:06:51 INFO  ElementUtil:119 - element is found using : By.cssSelector: div#search button
2025-09-03 18:06:51 INFO  ElementUtil:356 - waiting for element using By locator: By.linkText: Logout within time out: 10
2025-09-03 18:06:53 INFO  ElementUtil:63 - clicking on element using : By.cssSelector: div#search button
2025-09-03 18:06:53 INFO  ElementUtil:119 - element is found using : By.cssSelector: div#search button
2025-09-03 18:06:57 INFO  ElementUtil:63 - clicking on element using : By.linkText: MacBook Pro
2025-09-03 18:06:57 INFO  ElementUtil:119 - element is found using : By.linkText: MacBook Pro
2025-09-03 18:07:00 INFO  ElementUtil:356 - waiting for element using By locator: By.tagName: h1 within time out: 5
2025-09-03 18:07:10 INFO  ElementUtil:63 - clicking on element using : By.linkText: MacBook Pro
2025-09-03 18:07:10 INFO  ElementUtil:119 - element is found using : By.linkText: MacBook Pro
2025-09-03 18:07:47 INFO  LoginPage:96 - trying to navigating to register page...
2025-09-03 18:07:47 INFO  ElementUtil:356 - waiting for element using By locator: By.linkText: Register within time out: 5
2025-09-03 18:08:16 INFO  ElementUtil:356 - waiting for element using By locator: By.id: input-firstname11 within time out: 5
2025-09-03 18:08:26 INFO  ElementUtil:356 - waiting for element using By locator: By.tagName: h1 within time out: 5
2025-09-03 18:08:27 INFO  ElementUtil:356 - waiting for element using By locator: By.name: search within time out: 10
2025-09-03 18:08:27 INFO  ElementUtil:63 - clicking on element using : By.cssSelector: div#search button
2025-09-03 18:08:27 INFO  ElementUtil:119 - element is found using : By.cssSelector: div#search button
2025-09-03 18:09:10 INFO  ElementUtil:63 - clicking on element using : By.linkText: Samsung SyncMaster 941BW
2025-09-03 18:09:11 INFO  ElementUtil:119 - element is found using : By.linkText: Samsung SyncMaster 941BW
2025-09-03 18:09:31 INFO  ElementUtil:356 - waiting for element using By locator: By.tagName: h1 within time out: 5
2025-09-03 18:09:32 INFO  ElementUtil:356 - waiting for element using By locator: By.name: search within time out: 10
2025-09-03 18:09:32 INFO  ElementUtil:63 - clicking on element using : By.cssSelector: div#search button
2025-09-03 18:09:32 INFO  ElementUtil:119 - element is found using : By.cssSelector: div#search button
2025-09-03 18:09:51 INFO  ElementUtil:63 - clicking on element using : By.linkText: iMac
2025-09-03 18:09:51 INFO  ElementUtil:119 - element is found using : By.linkText: iMac
2025-09-03 18:10:42 INFO  ElementUtil:356 - waiting for element using By locator: By.tagName: h1 within time out: 5
2025-09-03 18:10:43 INFO  ElementUtil:356 - waiting for element using By locator: By.name: search within time out: 10
2025-09-03 18:10:43 INFO  ElementUtil:63 - clicking on element using : By.cssSelector: div#search button
2025-09-03 18:10:43 INFO  ElementUtil:119 - element is found using : By.cssSelector: div#search button
2025-09-03 18:10:57 INFO  ElementUtil:63 - clicking on element using : By.linkText: Canon EOS 5D
2025-09-03 18:10:57 INFO  ElementUtil:119 - element is found using : By.linkText: Canon EOS 5D
